{"uid":"51fff674cf85aa89","name":"test_login_neg_08","fullName":"tests.test_login#test_login_neg_08","historyId":"71824ef6c46d80ff45914764a60d0ce1","time":{"start":1759738017751,"stop":1759738021184,"duration":3433},"description":"\nTC_ID: LOGIN_NEG_08\nTitle: Login with password input only\nExpected:\n    - Error message appears\n    - Showed message \"Please input username and password\"\n","descriptionHtml":"<p>TC_ID: LOGIN_NEG_08<br />\nTitle: Login with password input only<br />\nExpected:<br />\n- Error message appears<br />\n- Showed message &quot;Please input username and password&quot;</p>\n","status":"failed","statusMessage":"AssertionError: Error message is different. actual: Epic sadface: Username and password do not match any user in this service, expected: Please input username and password","statusTrace":"browser_chrome = <selenium.webdriver.chrome.webdriver.WebDriver (session=\"b28c45271fd022b72bb5281c820212b4\")>\nrun_timestamp = '2025-10-06_15-05-41'\n\n    def test_login_neg_08(browser_chrome,run_timestamp):\n        \"\"\"\n        TC_ID: LOGIN_NEG_08\n        Title: Login with password input only\n        Expected:\n            - Error message appears\n            - Showed message \"Please input username and password\"\n        \"\"\"\n        l = LoginPage(browser_chrome)\n        l.open()\n        l.login_input(\" \",Config.PASSWORD)\n        take_screenshot(browser_chrome, step_name=\"input_neg08\", run_timestamp=run_timestamp)\n        l.login_button()\n        # validasi element tampil\n        asserts.assert_element_displayed(\n            lambda: l.error_message(),\n            step_name=\"Error username null\"\n        )\n        # validasi message error\n        actual = l.get_error_message()\n        expected = \"Please input username and password\"\n        try:\n            asserts.assert_error_contains(actual, expected)\n            take_screenshot(browser_chrome, step_name=\"result_neg08_as expected\",run_timestamp=run_timestamp)\n        except AssertionError as e:\n            take_screenshot(browser_chrome, step_name=\"result_neg08 _unexpected\",run_timestamp=run_timestamp)\n>           raise e\n\ntests\\test_login.py:138: \n_ _ _ _ _ _ _ _ _ _ _ _ _ _ _ _ _ _ _ _ _ _ _ _ _ _ _ _ _ _ _ _ _ _ _ _ _ _ _ _\ntests\\test_login.py:134: in test_login_neg_08\n    asserts.assert_error_contains(actual, expected)\n_ _ _ _ _ _ _ _ _ _ _ _ _ _ _ _ _ _ _ _ _ _ _ _ _ _ _ _ _ _ _ _ _ _ _ _ _ _ _ _\n\nactual = 'Epic sadface: Username and password do not match any user in this service'\nexpected = 'Please input username and password'\n\n    @staticmethod\n    def assert_error_contains(actual, expected):\n        \"\"\"\n        Verifikasi pesan error sama dengan yang diharapkan.\n        \"\"\"\n        if actual == expected:\n            print(f\"\\n✅ Error message passed. actual: {actual}, expected: {expected}\")\n>       assert actual == expected, f\"Error message is different. actual: {actual}, expected: {expected}\"\n               ^^^^^^^^^^^^^^^^^^\nE       AssertionError: Error message is different. actual: Epic sadface: Username and password do not match any user in this service, expected: Please input username and password\n\nutils\\assertions.py:34: AssertionError","flaky":false,"newFailed":false,"newBroken":false,"newPassed":false,"retriesCount":0,"retriesStatusChange":false,"beforeStages":[{"name":"browser_chrome","time":{"start":1759738015245,"stop":1759738017750,"duration":2505},"status":"passed","steps":[],"attachments":[],"parameters":[],"hasContent":false,"stepsCount":0,"attachmentStep":false,"attachmentsCount":0,"shouldDisplayMessage":false},{"name":"run_timestamp","time":{"start":1759738017751,"stop":1759738017751,"duration":0},"status":"passed","steps":[],"attachments":[],"parameters":[],"hasContent":false,"stepsCount":0,"attachmentStep":false,"attachmentsCount":0,"shouldDisplayMessage":false}],"testStage":{"description":"\nTC_ID: LOGIN_NEG_08\nTitle: Login with password input only\nExpected:\n    - Error message appears\n    - Showed message \"Please input username and password\"\n","status":"failed","statusMessage":"AssertionError: Error message is different. actual: Epic sadface: Username and password do not match any user in this service, expected: Please input username and password","statusTrace":"browser_chrome = <selenium.webdriver.chrome.webdriver.WebDriver (session=\"b28c45271fd022b72bb5281c820212b4\")>\nrun_timestamp = '2025-10-06_15-05-41'\n\n    def test_login_neg_08(browser_chrome,run_timestamp):\n        \"\"\"\n        TC_ID: LOGIN_NEG_08\n        Title: Login with password input only\n        Expected:\n            - Error message appears\n            - Showed message \"Please input username and password\"\n        \"\"\"\n        l = LoginPage(browser_chrome)\n        l.open()\n        l.login_input(\" \",Config.PASSWORD)\n        take_screenshot(browser_chrome, step_name=\"input_neg08\", run_timestamp=run_timestamp)\n        l.login_button()\n        # validasi element tampil\n        asserts.assert_element_displayed(\n            lambda: l.error_message(),\n            step_name=\"Error username null\"\n        )\n        # validasi message error\n        actual = l.get_error_message()\n        expected = \"Please input username and password\"\n        try:\n            asserts.assert_error_contains(actual, expected)\n            take_screenshot(browser_chrome, step_name=\"result_neg08_as expected\",run_timestamp=run_timestamp)\n        except AssertionError as e:\n            take_screenshot(browser_chrome, step_name=\"result_neg08 _unexpected\",run_timestamp=run_timestamp)\n>           raise e\n\ntests\\test_login.py:138: \n_ _ _ _ _ _ _ _ _ _ _ _ _ _ _ _ _ _ _ _ _ _ _ _ _ _ _ _ _ _ _ _ _ _ _ _ _ _ _ _\ntests\\test_login.py:134: in test_login_neg_08\n    asserts.assert_error_contains(actual, expected)\n_ _ _ _ _ _ _ _ _ _ _ _ _ _ _ _ _ _ _ _ _ _ _ _ _ _ _ _ _ _ _ _ _ _ _ _ _ _ _ _\n\nactual = 'Epic sadface: Username and password do not match any user in this service'\nexpected = 'Please input username and password'\n\n    @staticmethod\n    def assert_error_contains(actual, expected):\n        \"\"\"\n        Verifikasi pesan error sama dengan yang diharapkan.\n        \"\"\"\n        if actual == expected:\n            print(f\"\\n✅ Error message passed. actual: {actual}, expected: {expected}\")\n>       assert actual == expected, f\"Error message is different. actual: {actual}, expected: {expected}\"\n               ^^^^^^^^^^^^^^^^^^\nE       AssertionError: Error message is different. actual: Epic sadface: Username and password do not match any user in this service, expected: Please input username and password\n\nutils\\assertions.py:34: AssertionError","steps":[],"attachments":[{"uid":"6692ba3ca97b3ddd","name":"screenshot_input_neg08","source":"6692ba3ca97b3ddd.png","type":"image/png","size":25385},{"uid":"cdfc332a20016a49","name":"screenshot_result_neg08 _unexpected","source":"cdfc332a20016a49.png","type":"image/png","size":30620}],"parameters":[],"hasContent":true,"stepsCount":0,"attachmentStep":false,"attachmentsCount":2,"shouldDisplayMessage":true},"afterStages":[{"name":"browser_chrome::0","time":{"start":1759738021207,"stop":1759738026404,"duration":5197},"status":"passed","steps":[],"attachments":[],"parameters":[],"hasContent":false,"stepsCount":0,"attachmentStep":false,"attachmentsCount":0,"shouldDisplayMessage":false}],"labels":[{"name":"parentSuite","value":"tests"},{"name":"suite","value":"test_login"},{"name":"host","value":"DESKTOP-N1PMKPL"},{"name":"thread","value":"10040-MainThread"},{"name":"framework","value":"pytest"},{"name":"language","value":"cpython3"},{"name":"package","value":"tests.test_login"},{"name":"resultFormat","value":"allure2"}],"parameters":[],"links":[],"hidden":false,"retry":false,"extra":{"severity":"normal","retries":[],"categories":[{"name":"Product defects","matchedStatuses":[]}],"tags":[]},"source":"51fff674cf85aa89.json","parameterValues":[]}