{"uid":"c8176f49204f5d1c","name":"test_login_pos_01","fullName":"tests.test_login#test_login_pos_01","historyId":"f7dd2152c6cfa5665aa1b92919645c42","time":{"start":1759695335656,"stop":1759695339581,"duration":3925},"description":"\nTC_ID: LOGIN_POS_01\nTitle: Login with valid user\nExpected: Redirected to inventory page\n","descriptionHtml":"<p>TC_ID: LOGIN_POS_01<br />\nTitle: Login with valid user<br />\nExpected: Redirected to inventory page</p>\n","status":"failed","statusMessage":"AssertionError: Expected URL to contain 'salah', but got 'https://www.saucedemo.com/inventory.html'","statusTrace":"browser_chrome = <selenium.webdriver.chrome.webdriver.WebDriver (session=\"6aaf1716d0953486dc6d83037a2ffd06\")>\n\n    def test_login_pos_01(browser_chrome):\n        \"\"\"\n        TC_ID: LOGIN_POS_01\n        Title: Login with valid user\n        Expected: Redirected to inventory page\n        \"\"\"\n        login = LoginPage(browser_chrome)\n        login.open()\n        login.login(Config.STANDARD_USER, Config.PASSWORD)\n        take_screenshot(browser_chrome, step_name=\"input_pos01\")\n        # validasi dengan assert import dari module assertion + take screeshot dari utils.helpers\n        try:\n            url_contains(browser_chrome, \"salah\")\n            take_screenshot(browser_chrome, step_name=\"result_pos01_as expected\")\n        except AssertionError as e:\n            take_screenshot(browser_chrome, step_name=\"result_pos01_unexpected\")\n>           raise e\n\ntests\\test_login.py:25: \n_ _ _ _ _ _ _ _ _ _ _ _ _ _ _ _ _ _ _ _ _ _ _ _ _ _ _ _ _ _ _ _ _ _ _ _ _ _ _ _\ntests\\test_login.py:21: in test_login_pos_01\n    url_contains(browser_chrome, \"salah\")\n_ _ _ _ _ _ _ _ _ _ _ _ _ _ _ _ _ _ _ _ _ _ _ _ _ _ _ _ _ _ _ _ _ _ _ _ _ _ _ _\n\ndriver = <selenium.webdriver.chrome.webdriver.WebDriver (session=\"6aaf1716d0953486dc6d83037a2ffd06\")>\nkeyword = 'salah'\n\n    def assert_url_contains(driver, keyword):\n        # verifikasi URL saat ini mengandung kata tertentu\n        actual_result = driver.current_url\n        expected_result = keyword\n        # tambahan if untuk menampilkan pesan jika true\n        if expected_result in actual_result:\n            print(f\"\\n {expected_result} was found in {actual_result}\")\n        # assert memvalidasi kebenaran dan menghentikan eksekusi jika salah\n>       assert expected_result in actual_result, f\"Expected URL to contain '{expected_result}', but got '{actual_result}'\"\n               ^^^^^^^^^^^^^^^^^^^^^^^^^^^^^^^^\nE       AssertionError: Expected URL to contain 'salah', but got 'https://www.saucedemo.com/inventory.html'\n\nutils\\assertions.py:9: AssertionError","flaky":false,"newFailed":false,"newBroken":false,"newPassed":false,"retriesCount":0,"retriesStatusChange":false,"beforeStages":[{"name":"browser_chrome","time":{"start":1759695334200,"stop":1759695335655,"duration":1455},"status":"passed","steps":[],"attachments":[],"parameters":[],"hasContent":false,"shouldDisplayMessage":false,"attachmentsCount":0,"stepsCount":0,"attachmentStep":false}],"testStage":{"description":"\nTC_ID: LOGIN_POS_01\nTitle: Login with valid user\nExpected: Redirected to inventory page\n","status":"failed","statusMessage":"AssertionError: Expected URL to contain 'salah', but got 'https://www.saucedemo.com/inventory.html'","statusTrace":"browser_chrome = <selenium.webdriver.chrome.webdriver.WebDriver (session=\"6aaf1716d0953486dc6d83037a2ffd06\")>\n\n    def test_login_pos_01(browser_chrome):\n        \"\"\"\n        TC_ID: LOGIN_POS_01\n        Title: Login with valid user\n        Expected: Redirected to inventory page\n        \"\"\"\n        login = LoginPage(browser_chrome)\n        login.open()\n        login.login(Config.STANDARD_USER, Config.PASSWORD)\n        take_screenshot(browser_chrome, step_name=\"input_pos01\")\n        # validasi dengan assert import dari module assertion + take screeshot dari utils.helpers\n        try:\n            url_contains(browser_chrome, \"salah\")\n            take_screenshot(browser_chrome, step_name=\"result_pos01_as expected\")\n        except AssertionError as e:\n            take_screenshot(browser_chrome, step_name=\"result_pos01_unexpected\")\n>           raise e\n\ntests\\test_login.py:25: \n_ _ _ _ _ _ _ _ _ _ _ _ _ _ _ _ _ _ _ _ _ _ _ _ _ _ _ _ _ _ _ _ _ _ _ _ _ _ _ _\ntests\\test_login.py:21: in test_login_pos_01\n    url_contains(browser_chrome, \"salah\")\n_ _ _ _ _ _ _ _ _ _ _ _ _ _ _ _ _ _ _ _ _ _ _ _ _ _ _ _ _ _ _ _ _ _ _ _ _ _ _ _\n\ndriver = <selenium.webdriver.chrome.webdriver.WebDriver (session=\"6aaf1716d0953486dc6d83037a2ffd06\")>\nkeyword = 'salah'\n\n    def assert_url_contains(driver, keyword):\n        # verifikasi URL saat ini mengandung kata tertentu\n        actual_result = driver.current_url\n        expected_result = keyword\n        # tambahan if untuk menampilkan pesan jika true\n        if expected_result in actual_result:\n            print(f\"\\n {expected_result} was found in {actual_result}\")\n        # assert memvalidasi kebenaran dan menghentikan eksekusi jika salah\n>       assert expected_result in actual_result, f\"Expected URL to contain '{expected_result}', but got '{actual_result}'\"\n               ^^^^^^^^^^^^^^^^^^^^^^^^^^^^^^^^\nE       AssertionError: Expected URL to contain 'salah', but got 'https://www.saucedemo.com/inventory.html'\n\nutils\\assertions.py:9: AssertionError","steps":[],"attachments":[{"uid":"9e7d988ed86258f9","name":"screenshot_input_pos01","source":"9e7d988ed86258f9.png","type":"image/png","size":66463},{"uid":"fc5fad6730e26600","name":"screenshot_result_pos01_unexpected","source":"fc5fad6730e26600.png","type":"image/png","size":66463}],"parameters":[],"hasContent":true,"shouldDisplayMessage":true,"attachmentsCount":2,"stepsCount":0,"attachmentStep":false},"afterStages":[{"name":"browser_chrome::0","time":{"start":1759695339796,"stop":1759695344072,"duration":4276},"status":"passed","steps":[],"attachments":[],"parameters":[],"hasContent":false,"shouldDisplayMessage":false,"attachmentsCount":0,"stepsCount":0,"attachmentStep":false}],"labels":[{"name":"parentSuite","value":"tests"},{"name":"suite","value":"test_login"},{"name":"host","value":"DESKTOP-N1PMKPL"},{"name":"thread","value":"26896-MainThread"},{"name":"framework","value":"pytest"},{"name":"language","value":"cpython3"},{"name":"package","value":"tests.test_login"},{"name":"resultFormat","value":"allure2"}],"parameters":[],"links":[],"hidden":false,"retry":false,"extra":{"severity":"normal","retries":[],"categories":[{"name":"Product defects","matchedStatuses":[]}],"tags":[]},"source":"c8176f49204f5d1c.json","parameterValues":[]}