{"uid":"d7f006280863877c","name":"test_login_neg_07","fullName":"tests.test_login#test_login_neg_07","historyId":"ae61ddfc9996c6c671697146ab73ffad","time":{"start":1759738002885,"stop":1759738005163,"duration":2278},"description":"\nTC_ID: LOGIN_NEG_07\nTitle: Login with password input only\nExpected:\n    - Error message appears\n    - Showed message \"Please enter your username.\"\n","descriptionHtml":"<p>TC_ID: LOGIN_NEG_07<br />\nTitle: Login with password input only<br />\nExpected:<br />\n- Error message appears<br />\n- Showed message &quot;Please enter your username.&quot;</p>\n","status":"failed","statusMessage":"AssertionError: Error message is different. actual: Epic sadface: Username and password do not match any user in this service, expected: Please enter your username.","statusTrace":"browser_chrome = <selenium.webdriver.chrome.webdriver.WebDriver (session=\"c62e622c33a7f06fd843d5feccaeed71\")>\nrun_timestamp = '2025-10-06_15-05-41'\n\n    def test_login_neg_07(browser_chrome,run_timestamp):\n        \"\"\"\n        TC_ID: LOGIN_NEG_07\n        Title: Login with password input only\n        Expected:\n            - Error message appears\n            - Showed message \"Please enter your username.\"\n        \"\"\"\n        l = LoginPage(browser_chrome)\n        l.open()\n        l.login_input(\" \",Config.PASSWORD)\n        take_screenshot(browser_chrome, step_name=\"input_neg07\", run_timestamp=run_timestamp)\n        l.login_button()\n        # validasi element tampil\n        asserts.assert_element_displayed(\n            lambda: l.error_message(),\n            step_name=\"Error username null\"\n        )\n        # validasi message error\n        actual = l.get_error_message()\n        expected = \"Please enter your username.\"\n        try:\n            asserts.assert_error_contains(actual, expected)\n            take_screenshot(browser_chrome, step_name=\"result_neg07_as expected\",run_timestamp=run_timestamp)\n        except AssertionError as e:\n            take_screenshot(browser_chrome, step_name=\"result_neg07 _unexpected\",run_timestamp=run_timestamp)\n>           raise e\n\ntests\\test_login.py:110: \n_ _ _ _ _ _ _ _ _ _ _ _ _ _ _ _ _ _ _ _ _ _ _ _ _ _ _ _ _ _ _ _ _ _ _ _ _ _ _ _\ntests\\test_login.py:106: in test_login_neg_07\n    asserts.assert_error_contains(actual, expected)\n_ _ _ _ _ _ _ _ _ _ _ _ _ _ _ _ _ _ _ _ _ _ _ _ _ _ _ _ _ _ _ _ _ _ _ _ _ _ _ _\n\nactual = 'Epic sadface: Username and password do not match any user in this service'\nexpected = 'Please enter your username.'\n\n    @staticmethod\n    def assert_error_contains(actual, expected):\n        \"\"\"\n        Verifikasi pesan error sama dengan yang diharapkan.\n        \"\"\"\n        if actual == expected:\n            print(f\"\\n✅ Error message passed. actual: {actual}, expected: {expected}\")\n>       assert actual == expected, f\"Error message is different. actual: {actual}, expected: {expected}\"\n               ^^^^^^^^^^^^^^^^^^\nE       AssertionError: Error message is different. actual: Epic sadface: Username and password do not match any user in this service, expected: Please enter your username.\n\nutils\\assertions.py:34: AssertionError","flaky":false,"newFailed":false,"newBroken":false,"newPassed":false,"retriesCount":0,"retriesStatusChange":false,"beforeStages":[{"name":"browser_chrome","time":{"start":1759738000443,"stop":1759738002884,"duration":2441},"status":"passed","steps":[],"attachments":[],"parameters":[],"hasContent":false,"stepsCount":0,"attachmentStep":false,"attachmentsCount":0,"shouldDisplayMessage":false},{"name":"run_timestamp","time":{"start":1759738002884,"stop":1759738002884,"duration":0},"status":"passed","steps":[],"attachments":[],"parameters":[],"hasContent":false,"stepsCount":0,"attachmentStep":false,"attachmentsCount":0,"shouldDisplayMessage":false}],"testStage":{"description":"\nTC_ID: LOGIN_NEG_07\nTitle: Login with password input only\nExpected:\n    - Error message appears\n    - Showed message \"Please enter your username.\"\n","status":"failed","statusMessage":"AssertionError: Error message is different. actual: Epic sadface: Username and password do not match any user in this service, expected: Please enter your username.","statusTrace":"browser_chrome = <selenium.webdriver.chrome.webdriver.WebDriver (session=\"c62e622c33a7f06fd843d5feccaeed71\")>\nrun_timestamp = '2025-10-06_15-05-41'\n\n    def test_login_neg_07(browser_chrome,run_timestamp):\n        \"\"\"\n        TC_ID: LOGIN_NEG_07\n        Title: Login with password input only\n        Expected:\n            - Error message appears\n            - Showed message \"Please enter your username.\"\n        \"\"\"\n        l = LoginPage(browser_chrome)\n        l.open()\n        l.login_input(\" \",Config.PASSWORD)\n        take_screenshot(browser_chrome, step_name=\"input_neg07\", run_timestamp=run_timestamp)\n        l.login_button()\n        # validasi element tampil\n        asserts.assert_element_displayed(\n            lambda: l.error_message(),\n            step_name=\"Error username null\"\n        )\n        # validasi message error\n        actual = l.get_error_message()\n        expected = \"Please enter your username.\"\n        try:\n            asserts.assert_error_contains(actual, expected)\n            take_screenshot(browser_chrome, step_name=\"result_neg07_as expected\",run_timestamp=run_timestamp)\n        except AssertionError as e:\n            take_screenshot(browser_chrome, step_name=\"result_neg07 _unexpected\",run_timestamp=run_timestamp)\n>           raise e\n\ntests\\test_login.py:110: \n_ _ _ _ _ _ _ _ _ _ _ _ _ _ _ _ _ _ _ _ _ _ _ _ _ _ _ _ _ _ _ _ _ _ _ _ _ _ _ _\ntests\\test_login.py:106: in test_login_neg_07\n    asserts.assert_error_contains(actual, expected)\n_ _ _ _ _ _ _ _ _ _ _ _ _ _ _ _ _ _ _ _ _ _ _ _ _ _ _ _ _ _ _ _ _ _ _ _ _ _ _ _\n\nactual = 'Epic sadface: Username and password do not match any user in this service'\nexpected = 'Please enter your username.'\n\n    @staticmethod\n    def assert_error_contains(actual, expected):\n        \"\"\"\n        Verifikasi pesan error sama dengan yang diharapkan.\n        \"\"\"\n        if actual == expected:\n            print(f\"\\n✅ Error message passed. actual: {actual}, expected: {expected}\")\n>       assert actual == expected, f\"Error message is different. actual: {actual}, expected: {expected}\"\n               ^^^^^^^^^^^^^^^^^^\nE       AssertionError: Error message is different. actual: Epic sadface: Username and password do not match any user in this service, expected: Please enter your username.\n\nutils\\assertions.py:34: AssertionError","steps":[],"attachments":[{"uid":"fd51cafbe565b58d","name":"screenshot_input_neg07","source":"fd51cafbe565b58d.png","type":"image/png","size":25385},{"uid":"474020e3eaca839f","name":"screenshot_result_neg07 _unexpected","source":"474020e3eaca839f.png","type":"image/png","size":30620}],"parameters":[],"hasContent":true,"stepsCount":0,"attachmentStep":false,"attachmentsCount":2,"shouldDisplayMessage":true},"afterStages":[{"name":"browser_chrome::0","time":{"start":1759738005181,"stop":1759738015241,"duration":10060},"status":"passed","steps":[],"attachments":[],"parameters":[],"hasContent":false,"stepsCount":0,"attachmentStep":false,"attachmentsCount":0,"shouldDisplayMessage":false}],"labels":[{"name":"parentSuite","value":"tests"},{"name":"suite","value":"test_login"},{"name":"host","value":"DESKTOP-N1PMKPL"},{"name":"thread","value":"10040-MainThread"},{"name":"framework","value":"pytest"},{"name":"language","value":"cpython3"},{"name":"package","value":"tests.test_login"},{"name":"resultFormat","value":"allure2"}],"parameters":[],"links":[],"hidden":false,"retry":false,"extra":{"severity":"normal","retries":[],"categories":[{"name":"Product defects","matchedStatuses":[]}],"tags":[]},"source":"d7f006280863877c.json","parameterValues":[]}